#0 building with "default" instance using docker driver

#1 [nginx internal] load build definition from Dockerfile
#1 transferring dockerfile: 497B done
#1 DONE 0.0s

#2 [nginx internal] load .dockerignore
#2 transferring context: 34B done
#2 DONE 0.0s

#3 [mariadb internal] load build definition from Dockerfile
#3 transferring dockerfile: 279B done
#3 DONE 0.0s

#4 [mariadb internal] load .dockerignore
#4 transferring context: 34B done
#4 DONE 0.0s

#5 [mariadb internal] load metadata for docker.io/library/debian:buster
#5 DONE 0.5s

#6 [mariadb 2/6] RUN apt-get update -y
#6 CACHED

#7 [mariadb 3/6] RUN apt-get upgrade -y
#7 CACHED

#8 [mariadb 4/6] RUN apt-get install mariadb-server -y
#8 CACHED

#9 [mariadb internal] load build context
#9 transferring context: 100B done
#9 DONE 0.0s

#10 [nginx internal] load build context
#10 transferring context: 101B done
#10 DONE 0.0s

#11 [nginx  2/11] COPY conf/nginxInstall.sh .
#11 CACHED

#12 [nginx  3/11] RUN apt-get update
#12 CACHED

#13 [mariadb 5/6] COPY conf/50-server.cnf /etc/mysql/mariadb.conf.d/50-server.cnf
#13 DONE 0.1s

#14 [mariadb 1/6] FROM docker.io/library/debian:buster@sha256:853b9ec779e55f670cbdcb5e15bfb778b5be2c5c61fc8c655638b7a977d273c6
#14 ...

#15 [mariadb 6/6] COPY conf/createDB.sh .
#15 DONE 0.1s

#16 [mariadb] exporting to image
#16 exporting layers 0.1s done
#16 writing image sha256:1086f63324c5632be54dd14e555dc652d2b8127c6fe27b09bc547c4785eaed8b done
#16 naming to docker.io/library/mariadb done
#16 DONE 0.1s

#17 [nginx  4/11] RUN ./nginxInstall.sh
#17 0.470 Hit:1 http://deb.debian.org/debian buster InRelease
#17 0.470 Get:2 http://deb.debian.org/debian-security buster/updates InRelease [34.8 kB]
#17 0.472 Hit:3 http://deb.debian.org/debian buster-updates InRelease
#17 1.011 Fetched 34.8 kB in 1s (55.0 kB/s)
#17 1.011 Reading package lists...
#17 2.042 Reading package lists...
#17 2.994 Building dependency tree...
#17 3.198 Reading state information...
#17 3.383 The following additional packages will be installed:
#17 3.383   fontconfig-config fonts-dejavu-core geoip-database libbsd0 libexpat1
#17 3.383   libfontconfig1 libfreetype6 libgd3 libgeoip1 libicu63 libjbig0
#17 3.383   libjpeg62-turbo libnginx-mod-http-auth-pam libnginx-mod-http-dav-ext
#17 3.383   libnginx-mod-http-echo libnginx-mod-http-geoip
#17 3.383   libnginx-mod-http-image-filter libnginx-mod-http-subs-filter
#17 3.383   libnginx-mod-http-upstream-fair libnginx-mod-http-xslt-filter
#17 3.383   libnginx-mod-mail libnginx-mod-stream libpng16-16 libssl1.1 libtiff5
#17 3.384   libwebp6 libx11-6 libx11-data libxau6 libxcb1 libxdmcp6 libxml2 libxpm4
#17 3.384   libxslt1.1 lsb-base nginx-common nginx-full sensible-utils ucf
#17 3.385 Suggested packages:
#17 3.385   libgd-tools geoip-bin fcgiwrap nginx-doc ssl-cert
#17 3.562 The following NEW packages will be installed:
#17 3.563   fontconfig-config fonts-dejavu-core geoip-database libbsd0 libexpat1
#17 3.563   libfontconfig1 libfreetype6 libgd3 libgeoip1 libicu63 libjbig0
#17 3.563   libjpeg62-turbo libnginx-mod-http-auth-pam libnginx-mod-http-dav-ext
#17 3.563   libnginx-mod-http-echo libnginx-mod-http-geoip
#17 3.563   libnginx-mod-http-image-filter libnginx-mod-http-subs-filter
#17 3.563   libnginx-mod-http-upstream-fair libnginx-mod-http-xslt-filter
#17 3.563   libnginx-mod-mail libnginx-mod-stream libpng16-16 libssl1.1 libtiff5
#17 3.563   libwebp6 libx11-6 libx11-data libxau6 libxcb1 libxdmcp6 libxml2 libxpm4
#17 3.563   libxslt1.1 lsb-base nginx nginx-common nginx-full sensible-utils ucf
#17 3.622 0 upgraded, 40 newly installed, 0 to remove and 0 not upgraded.
#17 3.622 Need to get 19.9 MB of archives.
#17 3.622 After this operation, 63.1 MB of additional disk space will be used.
#17 3.622 Get:1 http://deb.debian.org/debian-security buster/updates/main amd64 libssl1.1 amd64 1.1.1n-0+deb10u6 [1552 kB]
#17 3.714 Get:2 http://deb.debian.org/debian buster/main amd64 sensible-utils all 0.0.12 [15.8 kB]
#17 3.720 Get:3 http://deb.debian.org/debian buster/main amd64 libicu63 amd64 63.1-6+deb10u3 [8293 kB]
#17 3.838 Get:4 http://deb.debian.org/debian-security buster/updates/main amd64 libxml2 amd64 2.9.4+dfsg1-7+deb10u6 [690 kB]
#17 3.850 Get:5 http://deb.debian.org/debian buster/main amd64 ucf all 3.0038+nmu1 [69.0 kB]
#17 3.853 Get:6 http://deb.debian.org/debian buster/main amd64 fonts-dejavu-core all 2.37-1 [1068 kB]
#17 4.049 Get:7 http://deb.debian.org/debian buster/main amd64 fontconfig-config all 2.13.1-2 [280 kB]
#17 4.062 Get:8 http://deb.debian.org/debian buster/main amd64 geoip-database all 20181108-1 [2449 kB]
#17 CANCELED

#14 [mariadb 1/6] FROM docker.io/library/debian:buster@sha256:853b9ec779e55f670cbdcb5e15bfb778b5be2c5c61fc8c655638b7a977d273c6
